[{"line":1,"elements":[{"start_timestamp":"2023-08-24T02:17:04.034Z","line":4,"name":"Cargar archivos","description":"","id":"cargar-archivos;cargar-archivos","type":"scenario","keyword":"Scenario","steps":[{"result":{"error_message":"net.serenitybdd.core.exceptions.StepInitialisationException: Failed to create step library for UploadFilesStep:Could not instantiate class io.appium.java_client.AppiumDriver\r\n\tat net.thucydides.core.steps.StepFactory.getNewStepLibraryFor(StepFactory.java:130)\r\n\tat net.thucydides.core.steps.IndividualInstancesByDefaultStepCreationStrategy.initiateStepsFor(IndividualInstancesByDefaultStepCreationStrategy.java:16)\r\n\tat net.thucydides.core.steps.StepAnnotations.instantiateAnyUnitiaializedSteps(StepAnnotations.java:89)\r\n\tat net.thucydides.core.steps.StepAnnotations.instanciateScenarioStepFields(StepAnnotations.java:70)\r\n\tat net.thucydides.core.steps.StepAnnotations.injectScenarioStepsInto(StepAnnotations.java:52)\r\n\tat net.serenitybdd.core.Serenity.injectScenarioStepsInto(Serenity.java:148)\r\n\tat net.serenitybdd.core.Serenity.initializeWithNoStepListener(Serenity.java:112)\r\n\tat cucumber.runtime.SerenityObjectFactory.newInstance(SerenityObjectFactory.java:76)\r\n\tat cucumber.runtime.SerenityObjectFactory.cacheNewInstance(SerenityObjectFactory.java:59)\r\n\tat cucumber.runtime.SerenityObjectFactory.getInstance(SerenityObjectFactory.java:49)\r\n\tat io.cucumber.java.AbstractGlueDefinition.invokeMethod(AbstractGlueDefinition.java:47)\r\n\tat io.cucumber.java.JavaStepDefinition.execute(JavaStepDefinition.java:29)\r\n\tat io.cucumber.core.runner.CoreStepDefinition.execute(CoreStepDefinition.java:66)\r\n\tat io.cucumber.core.runner.PickleStepDefinitionMatch.runStep(PickleStepDefinitionMatch.java:63)\r\n\tat io.cucumber.core.runner.ExecutionMode$1.execute(ExecutionMode.java:10)\r\n\tat io.cucumber.core.runner.TestStep.executeStep(TestStep.java:84)\r\n\tat io.cucumber.core.runner.TestStep.run(TestStep.java:56)\r\n\tat io.cucumber.core.runner.PickleStepTestStep.run(PickleStepTestStep.java:51)\r\n\tat io.cucumber.core.runner.TestCase.run(TestCase.java:84)\r\n\tat io.cucumber.core.runner.Runner.runPickle(Runner.java:75)\r\n\tat io.cucumber.junit.PickleRunners$NoStepDescriptions.lambda$run$0(PickleRunners.java:151)\r\n\tat io.cucumber.core.runtime.CucumberExecutionContext.lambda$runTestCase$5(CucumberExecutionContext.java:130)\r\n\tat io.cucumber.core.runtime.RethrowingThrowableCollector.executeAndThrow(RethrowingThrowableCollector.java:23)\r\n\tat io.cucumber.core.runtime.CucumberExecutionContext.runTestCase(CucumberExecutionContext.java:130)\r\n\tat io.cucumber.junit.PickleRunners$NoStepDescriptions.run(PickleRunners.java:148)\r\n\tat io.cucumber.junit.FeatureRunner.runChild(FeatureRunner.java:144)\r\n\tat io.cucumber.junit.FeatureRunner.runChild(FeatureRunner.java:28)\r\n\tat org.junit.runners.ParentRunner$4.run(ParentRunner.java:331)\r\n\tat org.junit.runners.ParentRunner$1.schedule(ParentRunner.java:79)\r\n\tat org.junit.runners.ParentRunner.runChildren(ParentRunner.java:329)\r\n\tat org.junit.runners.ParentRunner.access$100(ParentRunner.java:66)\r\n\tat org.junit.runners.ParentRunner$2.evaluate(ParentRunner.java:293)\r\n\tat org.junit.runners.ParentRunner$3.evaluate(ParentRunner.java:306)\r\n\tat org.junit.runners.ParentRunner.run(ParentRunner.java:413)\r\n\tat io.cucumber.junit.FeatureRunner.run(FeatureRunner.java:137)\r\n\tat io.cucumber.junit.CucumberSerenityRunner.runChild(CucumberSerenityRunner.java:259)\r\n\tat io.cucumber.junit.CucumberSerenityRunner.runChild(CucumberSerenityRunner.java:59)\r\n\tat org.junit.runners.ParentRunner$4.run(ParentRunner.java:331)\r\n\tat org.junit.runners.ParentRunner$1.schedule(ParentRunner.java:79)\r\n\tat org.junit.runners.ParentRunner.runChildren(ParentRunner.java:329)\r\n\tat org.junit.runners.ParentRunner.access$100(ParentRunner.java:66)\r\n\tat org.junit.runners.ParentRunner$2.evaluate(ParentRunner.java:293)\r\n\tat io.cucumber.junit.CucumberSerenityRunner$RunCucumber.evaluate(CucumberSerenityRunner.java:288)\r\n\tat org.junit.runners.ParentRunner$3.evaluate(ParentRunner.java:306)\r\n\tat org.junit.runners.ParentRunner.run(ParentRunner.java:413)\r\n\tat org.junit.runner.JUnitCore.run(JUnitCore.java:137)\r\n\tat org.junit.runner.JUnitCore.run(JUnitCore.java:115)\r\n\tat org.junit.vintage.engine.execution.RunnerExecutor.execute(RunnerExecutor.java:42)\r\n\tat org.junit.vintage.engine.VintageTestEngine.executeAllChildren(VintageTestEngine.java:80)\r\n\tat org.junit.vintage.engine.VintageTestEngine.execute(VintageTestEngine.java:72)\r\n\tat org.junit.platform.launcher.core.EngineExecutionOrchestrator.execute(EngineExecutionOrchestrator.java:147)\r\n\tat org.junit.platform.launcher.core.EngineExecutionOrchestrator.execute(EngineExecutionOrchestrator.java:127)\r\n\tat org.junit.platform.launcher.core.EngineExecutionOrchestrator.execute(EngineExecutionOrchestrator.java:90)\r\n\tat org.junit.platform.launcher.core.EngineExecutionOrchestrator.lambda$execute$0(EngineExecutionOrchestrator.java:55)\r\n\tat org.junit.platform.launcher.core.EngineExecutionOrchestrator.withInterceptedStreams(EngineExecutionOrchestrator.java:102)\r\n\tat org.junit.platform.launcher.core.EngineExecutionOrchestrator.execute(EngineExecutionOrchestrator.java:54)\r\n\tat org.junit.platform.launcher.core.DefaultLauncher.execute(DefaultLauncher.java:114)\r\n\tat org.junit.platform.launcher.core.DefaultLauncher.execute(DefaultLauncher.java:86)\r\n\tat org.junit.platform.launcher.core.DefaultLauncherSession$DelegatingLauncher.execute(DefaultLauncherSession.java:86)\r\n\tat org.junit.platform.launcher.core.SessionPerRequestLauncher.execute(SessionPerRequestLauncher.java:53)\r\n\tat org.apache.maven.surefire.junitplatform.JUnitPlatformProvider.lambda$execute$1(JUnitPlatformProvider.java:199)\r\n\tat java.base/java.util.Iterator.forEachRemaining(Iterator.java:133)\r\n\tat org.apache.maven.surefire.junitplatform.JUnitPlatformProvider.execute(JUnitPlatformProvider.java:193)\r\n\tat org.apache.maven.surefire.junitplatform.JUnitPlatformProvider.invokeAllTests(JUnitPlatformProvider.java:154)\r\n\tat org.apache.maven.surefire.junitplatform.JUnitPlatformProvider.invoke(JUnitPlatformProvider.java:120)\r\n\tat org.apache.maven.surefire.booter.ForkedBooter.runSuitesInProcess(ForkedBooter.java:428)\r\n\tat org.apache.maven.surefire.booter.ForkedBooter.execute(ForkedBooter.java:162)\r\n\tat org.apache.maven.surefire.booter.ForkedBooter.run(ForkedBooter.java:562)\r\n\tat org.apache.maven.surefire.booter.ForkedBooter.main(ForkedBooter.java:548)\r\nCaused by: net.thucydides.core.webdriver.DriverConfigurationError: Could not instantiate class io.appium.java_client.AppiumDriver\r\n\tat net.thucydides.core.webdriver.WebDriverFacade.newDriverInstance(WebDriverFacade.java:164)\r\n\tat net.thucydides.core.webdriver.WebDriverFacade.newProxyDriver(WebDriverFacade.java:152)\r\n\tat net.thucydides.core.webdriver.WebDriverFacade.getProxiedDriver(WebDriverFacade.java:122)\r\n\tat net.serenitybdd.core.webdriver.RemoteDriver.of(RemoteDriver.java:18)\r\n\tat net.thucydides.core.webdriver.appium.AppiumConfiguration.getTargetPlatform(AppiumConfiguration.java:59)\r\n\tat net.thucydides.core.webdriver.ElementLocatorFactorySelector.platformFor(ElementLocatorFactorySelector.java:51)\r\n\tat net.thucydides.core.webdriver.ElementLocatorFactorySelector.getLocatorFor(ElementLocatorFactorySelector.java:41)\r\n\tat net.thucydides.core.webdriver.ElementLocatorFactorySelector.getLocatorFor(ElementLocatorFactorySelector.java:30)\r\n\tat net.thucydides.core.annotations.locators.SmartElementProxyCreator.proxyElements(SmartElementProxyCreator.java:21)\r\n\tat net.thucydides.core.webdriver.DefaultPageObjectInitialiser.apply(DefaultPageObjectInitialiser.java:20)\r\n\tat net.serenitybdd.core.pages.PageObject.setDriver(PageObject.java:167)\r\n\tat cucumber.starter@1.0.0-SNAPSHOT/steps.steps.UploadFilesStep$ByteBuddy$P2i0Bv3S.setDriver$accessor$jTAyt1W8(Unknown Source)\r\n\tat java.base/jdk.internal.reflect.NativeMethodAccessorImpl.invoke0(Native Method)\r\n\tat java.base/jdk.internal.reflect.NativeMethodAccessorImpl.invoke(NativeMethodAccessorImpl.java:78)\r\n\tat java.base/jdk.internal.reflect.DelegatingMethodAccessorImpl.invoke(DelegatingMethodAccessorImpl.java:43)\r\n\tat java.base/java.lang.reflect.Method.invoke(Method.java:567)\r\n\tat net.thucydides.core.steps.StepInterceptor.invokeMethod(StepInterceptor.java:518)\r\n\tat net.thucydides.core.steps.StepInterceptor.runBaseObjectMethod(StepInterceptor.java:412)\r\n\tat net.thucydides.core.steps.StepInterceptor.intercept(StepInterceptor.java:84)\r\n\tat net.thucydides.core.steps.ProxyConfiguration$InterceptorDispatcher.intercept(ProxyConfiguration.java:51)\r\n\tat cucumber.starter@1.0.0-SNAPSHOT/steps.steps.UploadFilesStep$ByteBuddy$P2i0Bv3S.setDriver(Unknown Source)\r\n\tat net.serenitybdd.core.pages.PageObject.setDriver(PageObject.java:171)\r\n\tat cucumber.starter@1.0.0-SNAPSHOT/steps.steps.UploadFilesStep$ByteBuddy$P2i0Bv3S.setDriver$accessor$jTAyt1W8(Unknown Source)\r\n\tat java.base/jdk.internal.reflect.NativeMethodAccessorImpl.invoke0(Native Method)\r\n\tat java.base/jdk.internal.reflect.NativeMethodAccessorImpl.invoke(NativeMethodAccessorImpl.java:78)\r\n\tat java.base/jdk.internal.reflect.DelegatingMethodAccessorImpl.invoke(DelegatingMethodAccessorImpl.java:43)\r\n\tat java.base/java.lang.reflect.Method.invoke(Method.java:567)\r\n\tat net.thucydides.core.steps.StepInterceptor.invokeMethod(StepInterceptor.java:518)\r\n\tat net.thucydides.core.steps.StepInterceptor.runBaseObjectMethod(StepInterceptor.java:412)\r\n\tat net.thucydides.core.steps.StepInterceptor.intercept(StepInterceptor.java:84)\r\n\tat net.thucydides.core.steps.ProxyConfiguration$InterceptorDispatcher.intercept(ProxyConfiguration.java:51)\r\n\tat cucumber.starter@1.0.0-SNAPSHOT/steps.steps.UploadFilesStep$ByteBuddy$P2i0Bv3S.setDriver(Unknown Source)\r\n\tat net.thucydides.core.steps.PageObjectDependencyInjector.updatePageObject(PageObjectDependencyInjector.java:99)\r\n\tat net.thucydides.core.steps.PageObjectDependencyInjector.injectDependenciesInto(PageObjectDependencyInjector.java:48)\r\n\tat net.thucydides.core.steps.StepFactory.injectOtherDependenciesInto(StepFactory.java:206)\r\n\tat net.thucydides.core.steps.StepFactory.instantiateNewStepLibraryFor(StepFactory.java:196)\r\n\tat net.thucydides.core.steps.StepFactory.instantiateNewStepLibraryFor(StepFactory.java:177)\r\n\tat net.thucydides.core.steps.StepFactory.getNewStepLibraryFor(StepFactory.java:124)\r\n\t... 68 more\r\nCaused by: net.thucydides.core.webdriver.DriverConfigurationError: WebDriver was unable to create a new instance of type class io.appium.java_client.AppiumDriver\r\nWebDriver reported the following message: Could not start a new session. Possible causes are invalid address of the remote server or browser start-up failure. \nHost info: host: 'LAPTOP-MHVVS61O', ip: '192.168.1.108'\r\nSee below for more details.\r\n\tat net.thucydides.core.webdriver.WebDriverFactory.newWebdriverInstance(WebDriverFactory.java:150)\r\n\tat net.thucydides.core.webdriver.WebDriverFacade.newDriverInstance(WebDriverFacade.java:161)\r\n\t... 105 more\r\nCaused by: org.openqa.selenium.SessionNotCreatedException: Could not start a new session. Possible causes are invalid address of the remote server or browser start-up failure. \nHost info: host: 'LAPTOP-MHVVS61O', ip: '192.168.1.108'\r\n\tat org.openqa.selenium.remote.RemoteWebDriver.execute(RemoteWebDriver.java:561)\r\n\tat io.appium.java_client.AppiumDriver.startSession(AppiumDriver.java:229)\r\n\tat org.openqa.selenium.remote.RemoteWebDriver.<init>(RemoteWebDriver.java:157)\r\n\tat io.appium.java_client.AppiumDriver.<init>(AppiumDriver.java:80)\r\n\tat io.appium.java_client.AppiumDriver.<init>(AppiumDriver.java:92)\r\n\tat io.appium.java_client.android.AndroidDriver.<init>(AndroidDriver.java:117)\r\n\tat net.serenitybdd.core.webdriver.driverproviders.AppiumDriverProvider.newDriverUsingExternalServer(AppiumDriverProvider.java:61)\r\n\tat net.serenitybdd.core.webdriver.driverproviders.AppiumDriverProvider.newInstance(AppiumDriverProvider.java:49)\r\n\tat net.thucydides.core.webdriver.WebDriverFactory.createWebDriver(WebDriverFactory.java:162)\r\n\tat net.thucydides.core.webdriver.WebDriverFactory.newWebdriverInstance(WebDriverFactory.java:140)\r\n\t... 106 more\r\nCaused by: org.openqa.selenium.WebDriverException: Connection refused: no further information\nBuild info: version: '4.8.0', revision: '267030adea'\nSystem info: os.name: 'Windows 10', os.arch: 'amd64', os.version: '10.0', java.version: '16.0.2'\nDriver info: driver.version: RemoteDriver\r\n\tat io.appium.java_client.remote.AppiumCommandExecutor.lambda$execute$4(AppiumCommandExecutor.java:274)\r\n\tat java.base/java.util.Optional.orElseGet(Optional.java:364)\r\n\tat io.appium.java_client.remote.AppiumCommandExecutor.execute(AppiumCommandExecutor.java:273)\r\n\tat org.openqa.selenium.remote.RemoteWebDriver.execute(RemoteWebDriver.java:543)\r\n\t... 115 more\r\nCaused by: java.net.ConnectException: Connection refused: no further information\r\n\tat java.base/sun.nio.ch.Net.pollConnect(Native Method)\r\n\tat java.base/sun.nio.ch.Net.pollConnectNow(Net.java:669)\r\n\tat java.base/sun.nio.ch.SocketChannelImpl.finishConnect(SocketChannelImpl.java:944)\r\n\tat io.netty.channel.socket.nio.NioSocketChannel.doFinishConnect(NioSocketChannel.java:337)\r\n\tat io.netty.channel.nio.AbstractNioChannel$AbstractNioUnsafe.finishConnect(AbstractNioChannel.java:334)\r\n\tat io.netty.channel.nio.NioEventLoop.processSelectedKey(NioEventLoop.java:776)\r\n\tat io.netty.channel.nio.NioEventLoop.processSelectedKeysOptimized(NioEventLoop.java:724)\r\n\tat io.netty.channel.nio.NioEventLoop.processSelectedKeys(NioEventLoop.java:650)\r\n\tat io.netty.channel.nio.NioEventLoop.run(NioEventLoop.java:562)\r\n\tat io.netty.util.concurrent.SingleThreadEventExecutor$4.run(SingleThreadEventExecutor.java:997)\r\n\tat io.netty.util.internal.ThreadExecutorMap$2.run(ThreadExecutorMap.java:74)\r\n\tat io.netty.util.concurrent.FastThreadLocalRunnable.run(FastThreadLocalRunnable.java:30)\r\n\tat java.base/java.lang.Thread.run(Thread.java:831)\r\n","duration":4602735200,"status":"failed"},"line":5,"name":"Mario se encuentra en el portal de the internet","match":{"location":"stepdefinitions.stepdefinitions.TheInternetstepdefinitions.marioSeEncuentraEnElPortalDeTheInternet()"},"keyword":"Given "},{"result":{"duration":1002600,"status":"skipped"},"line":6,"name":"Cargue su archivo","match":{"location":"stepdefinitions.stepdefinitions.TheInternetstepdefinitions.cargueSuArchivo()"},"keyword":"When "}],"tags":[{"name":"@Test4"}]}],"name":"Cargar archivos","description":"","id":"cargar-archivos","keyword":"Feature","uri":"file:src/test/resources/features/ingresarOrangeHRM3.feature","tags":[]}]